<?xml version="1.0" encoding="UTF-8"?>
<!-- Generated by org.testng.reporters.JUnitReportReporter -->
<testsuite skipped="0" hostname="VR" name="reversestringwithstringbuffer.ReverseStringBuffer" tests="1" failures="0" timestamp="07 Apr 2020 04:30:41 GMT" time="0.018" errors="0">
  <testcase name="reverseString" time="0.018" classname="reversestringwithstringbuffer.ReverseStringBuffer"/>
</testsuite> <!-- reversestringwithstringbuffer.ReverseStringBuffer -->
