<?xml version="1.0" encoding="UTF-8"?>
<!-- Generated by org.testng.reporters.JUnitReportReporter -->
<testsuite skipped="0" hostname="VR" name="download.PDFdownload" tests="1" failures="0" timestamp="07 Apr 2020 11:50:03 GMT" time="19.747" errors="0">
  <testcase name="downloadPDF" time="19.747" classname="download.PDFdownload"/>
</testsuite> <!-- download.PDFdownload -->
